4/1/2020 10:13:41 PM	This log contains information about the import schema operation into project 'SampleDB' on computer '554NLBNM' by user 'baherma'.
4/1/2020 10:13:42 PM	Import of database schema has started.
4/1/2020 10:13:46 PM	Gathering logins
4/1/2020 10:13:53 PM	Gathering database credentials
4/1/2020 10:13:53 PM	Gathering database options
4/1/2020 10:13:53 PM	Gathering generic database scoped configuration option
4/1/2020 10:13:53 PM	Gathering users
4/1/2020 10:13:53 PM	Gathering roles
4/1/2020 10:13:53 PM	Gathering application roles
4/1/2020 10:13:53 PM	Gathering role memberships
4/1/2020 10:13:53 PM	Gathering filegroups
4/1/2020 10:13:53 PM	Gathering full-text catalogs
4/1/2020 10:13:53 PM	Gathering assemblies
4/1/2020 10:13:53 PM	Gathering certificates
4/1/2020 10:13:53 PM	Gathering symmetric keys
4/1/2020 10:13:53 PM	Gathering encrypted symmetric keys
4/1/2020 10:13:53 PM	Gathering schemas
4/1/2020 10:13:53 PM	Gathering XML schema collections
4/1/2020 10:13:53 PM	Gathering user-defined data types
4/1/2020 10:13:53 PM	Gathering user-defined types
4/1/2020 10:13:53 PM	Gathering table types
4/1/2020 10:13:53 PM	Gathering unique keys for table types
4/1/2020 10:13:53 PM	Gathering primary keys for table types
4/1/2020 10:13:53 PM	Gathering indexes for table types
4/1/2020 10:13:54 PM	Gathering check constraints for table types
4/1/2020 10:13:54 PM	Gathering default constraints for table types
4/1/2020 10:13:54 PM	Gathering partition functions
4/1/2020 10:13:54 PM	Gathering partition schemes
4/1/2020 10:13:54 PM	Gathering functions
4/1/2020 10:13:54 PM	Gathering encrypted functions
4/1/2020 10:13:54 PM	Gathering aggregates
4/1/2020 10:13:54 PM	Gathering procedures
4/1/2020 10:13:54 PM	Gathering encrypted procedures
4/1/2020 10:13:54 PM	Gathering tables
4/1/2020 10:13:54 PM	Gathering primary keys
4/1/2020 10:13:54 PM	Gathering unique constraints
4/1/2020 10:13:54 PM	Gathering foreign keys
4/1/2020 10:13:54 PM	Gathering default constraints
4/1/2020 10:13:54 PM	Gathering check constraints
4/1/2020 10:13:54 PM	Gathering views
4/1/2020 10:13:54 PM	Gathering encrypted views
4/1/2020 10:13:54 PM	Gathering indexes
4/1/2020 10:13:54 PM	Gathering statistics
4/1/2020 10:13:54 PM	Gathering full-text index stoplists
4/1/2020 10:13:54 PM	Gathering search property lists
4/1/2020 10:13:54 PM	Gathering search properties
4/1/2020 10:13:54 PM	Gathering full-text indexes
4/1/2020 10:13:54 PM	Gathering column store indexes
4/1/2020 10:13:54 PM	Gathering spatial indexes
4/1/2020 10:13:54 PM	Gathering XML indexes
4/1/2020 10:13:54 PM	Gathering Selective XML indexes
4/1/2020 10:13:54 PM	Gathering encrypted triggers
4/1/2020 10:13:54 PM	Gathering triggers
4/1/2020 10:13:54 PM	Gathering encrypted and clr ddl triggers
4/1/2020 10:13:54 PM	Gathering ddl triggers
4/1/2020 10:13:54 PM	Creating edge constraints
4/1/2020 10:13:54 PM	Gathering synonyms
4/1/2020 10:13:54 PM	Gathering defaults
4/1/2020 10:13:54 PM	Gathering data constraint uddt bindings
4/1/2020 10:13:54 PM	Gathering rules
4/1/2020 10:13:54 PM	Gathering data constraint uddt bindings
4/1/2020 10:13:54 PM	Gathering message types
4/1/2020 10:13:54 PM	Gathering queues
4/1/2020 10:13:54 PM	Gathering contracts
4/1/2020 10:13:54 PM	Gathering services
4/1/2020 10:13:54 PM	Gathering event notifications
4/1/2020 10:13:54 PM	Gathering remote service bindings
4/1/2020 10:13:54 PM	Gathering broker priorities
4/1/2020 10:13:54 PM	Gathering signatures
4/1/2020 10:13:54 PM	Gathering data compression options
4/1/2020 10:13:54 PM	Gathering sequence types
4/1/2020 10:13:54 PM	Gathering security policies
4/1/2020 10:13:55 PM	Gather column encryption keys
4/1/2020 10:13:55 PM	Gathering column master keys
4/1/2020 10:13:55 PM	Gathering external data sources
4/1/2020 10:13:55 PM	Gathering external tables
4/1/2020 10:13:55 PM	Gathering extended properties
4/1/2020 10:13:56 PM	Gathering logins
4/1/2020 10:13:57 PM	Scanning project for duplicate elements
4/1/2020 10:13:57 PM	Finished duplicate element processing
4/1/2020 10:13:58 PM	Finished importing database.
4/1/2020 10:13:58 PM	A summary of the import was saved to the following location: C:\Projects\AzureDemos\SampleDB\Import Schema Logs\SampleDB_20200402021341.log
4/1/2020 10:13:58 PM	Click Finish to continue...
